<?xml version="1.0" encoding="UTF-8"?>
<testng-results ignored="0" total="3" passed="3" failed="0" skipped="0">
  <reporter-output>
  </reporter-output>
  <suite started-at="2021-01-22T00:28:10 IST" name="Default suite" finished-at="2021-01-22T00:29:47 IST" duration-ms="97221">
    <groups>
    </groups>
    <test started-at="2021-01-22T00:28:10 IST" name="Default test" finished-at="2021-01-22T00:29:47 IST" duration-ms="97221">
      <class name="utils.ExcelDataProvider">
        <test-method is-config="true" signature="setUpTest()[pri:0, instance:utils.ExcelDataProvider@771a660]" started-at="2021-01-22T00:28:10 IST" name="setUpTest" finished-at="2021-01-22T00:28:44 IST" duration-ms="34214" status="PASS">
          <reporter-output>
          </reporter-output>
        </test-method> <!-- setUpTest -->
        <test-method signature="test1(java.lang.String, java.lang.String)[pri:0, instance:utils.ExcelDataProvider@771a660]" started-at="2021-01-22T00:29:06 IST" name="test1" data-provider="test1data" finished-at="2021-01-22T00:29:38 IST" duration-ms="31775" status="PASS">
          <params>
            <param index="0">
              <value>
                <![CDATA[abc@gmail.com]]>
              </value>
            </param>
            <param index="1">
              <value>
                <![CDATA[asdfg]]>
              </value>
            </param>
          </params>
          <reporter-output>
          </reporter-output>
        </test-method> <!-- test1 -->
        <test-method signature="test1(java.lang.String, java.lang.String)[pri:0, instance:utils.ExcelDataProvider@771a660]" started-at="2021-01-22T00:29:38 IST" name="test1" data-provider="test1data" finished-at="2021-01-22T00:29:42 IST" duration-ms="4677" status="PASS">
          <params>
            <param index="0">
              <value>
                <![CDATA[qwe@gmail.com]]>
              </value>
            </param>
            <param index="1">
              <value>
                <![CDATA[qwerty]]>
              </value>
            </param>
          </params>
          <reporter-output>
          </reporter-output>
        </test-method> <!-- test1 -->
        <test-method signature="test1(java.lang.String, java.lang.String)[pri:0, instance:utils.ExcelDataProvider@771a660]" started-at="2021-01-22T00:29:42 IST" name="test1" data-provider="test1data" finished-at="2021-01-22T00:29:47 IST" duration-ms="4373" status="PASS">
          <params>
            <param index="0">
              <value>
                <![CDATA[vaishnavihajare@02gmail.com]]>
              </value>
            </param>
            <param index="1">
              <value>
                <![CDATA[dgflipkart]]>
              </value>
            </param>
          </params>
          <reporter-output>
          </reporter-output>
        </test-method> <!-- test1 -->
      </class> <!-- utils.ExcelDataProvider -->
    </test> <!-- Default test -->
  </suite> <!-- Default suite -->
</testng-results>
