<?xml version="1.0" encoding="UTF-8"?>
<!-- Generated by org.testng.reporters.JUnitXMLReporter -->
<testsuite ignored="0" hostname="LAPTOP-TOIRVPML" failures="0" tests="3" name="Default test" time="97.221" errors="0" timestamp="2021-01-22T00:29:47 IST">
  <testcase classname="utils.ExcelDataProvider" name="test1" time="31.775"/>
  <testcase classname="utils.ExcelDataProvider" name="test1" time="4.677"/>
  <testcase classname="utils.ExcelDataProvider" name="test1" time="4.373"/>
</testsuite> <!-- Default test -->
